1656927823377	geckodriver	INFO	Listening on 127.0.0.1:56628
1656927826456	mozrunner::runner	INFO	Running command: "C:\\Program Files\\Mozilla Firefox\\firefox.exe" "--marionette" "--remote-debugging-port" "56629" "--remote-allow-hosts" "localhost" "-no-remote" "-profile" "C:\\Users\\PRANAV~1\\AppData\\Local\\Temp\\rust_mozprofileTnNbIk"
1656927827047	Marionette	INFO	Marionette enabled
1656927827053	Marionette	INFO	Listening on port 56639
WebDriver BiDi listening on ws://localhost:56629
Read port: 56639
1656927827300	RemoteAgent	WARN	TLS certificate errors will be ignored for this session
console.warn: SearchSettings: "get: No settings file exists, new profile?" (new NotFoundError("Could not open the file at C:\\Users\\PRANAV~1\\AppData\\Local\\Temp\\rust_mozprofileTnNbIk\\search.json.mozlz4", (void 0)))
DevTools listening on ws://localhost:56629/devtools/browser/75ae98e9-1e13-4c7a-babd-c54a88ea1427
1656927860107	Marionette	INFO	Stopped listening on port 56639
console.warn: TopSitesFeed: Failed to fetch data from Contile server: NetworkError when attempting to fetch resource.
1656927901276	geckodriver	INFO	Listening on 127.0.0.1:56716
1656927904371	mozrunner::runner	INFO	Running command: "C:\\Program Files\\Mozilla Firefox\\firefox.exe" "--marionette" "--remote-debugging-port" "56717" "--remote-allow-hosts" "localhost" "-no-remote" "-profile" "C:\\Users\\PRANAV~1\\AppData\\Local\\Temp\\rust_mozprofilewizWBc"
1656927904834	Marionette	INFO	Marionette enabled
1656927904839	Marionette	INFO	Listening on port 56728
WebDriver BiDi listening on ws://localhost:56717
Read port: 56728
1656927904991	RemoteAgent	WARN	TLS certificate errors will be ignored for this session
console.warn: SearchSettings: "get: No settings file exists, new profile?" (new NotFoundError("Could not open the file at C:\\Users\\PRANAV~1\\AppData\\Local\\Temp\\rust_mozprofilewizWBc\\search.json.mozlz4", (void 0)))
DevTools listening on ws://localhost:56717/devtools/browser/e53c4144-b98c-4078-925b-f3a2e7fa2ed6
1656927946969	Marionette	INFO	Stopped listening on port 56728
console.warn: TopSitesFeed: Failed to fetch data from Contile server: NetworkError when attempting to fetch resource.
1656927958564	geckodriver	INFO	Listening on 127.0.0.1:56843
1656927961628	mozrunner::runner	INFO	Running command: "C:\\Program Files\\Mozilla Firefox\\firefox.exe" "--marionette" "--remote-debugging-port" "56844" "--remote-allow-hosts" "localhost" "-no-remote" "-profile" "C:\\Users\\PRANAV~1\\AppData\\Local\\Temp\\rust_mozprofileWql7U5"
1656927962097	Marionette	INFO	Marionette enabled
1656927962103	Marionette	INFO	Listening on port 56854
WebDriver BiDi listening on ws://localhost:56844
Read port: 56854
1656927962261	RemoteAgent	WARN	TLS certificate errors will be ignored for this session
console.warn: SearchSettings: "get: No settings file exists, new profile?" (new NotFoundError("Could not open the file at C:\\Users\\PRANAV~1\\AppData\\Local\\Temp\\rust_mozprofileWql7U5\\search.json.mozlz4", (void 0)))
DevTools listening on ws://localhost:56844/devtools/browser/9f7a3316-9438-41d6-8788-bfe28a5b62ef
1656928156494	geckodriver	INFO	Listening on 127.0.0.1:53068
1656928159566	mozrunner::runner	INFO	Running command: "C:\\Program Files\\Mozilla Firefox\\firefox.exe" "--marionette" "--remote-debugging-port" "53069" "--remote-allow-hosts" "localhost" "-no-remote" "-profile" "C:\\Users\\PRANAV~1\\AppData\\Local\\Temp\\rust_mozprofileaYjORY"
1656928160100	Marionette	INFO	Marionette enabled
1656928160105	Marionette	INFO	Listening on port 53080
WebDriver BiDi listening on ws://localhost:53069
Read port: 53080
1656928160259	RemoteAgent	WARN	TLS certificate errors will be ignored for this session
console.warn: SearchSettings: "get: No settings file exists, new profile?" (new NotFoundError("Could not open the file at C:\\Users\\PRANAV~1\\AppData\\Local\\Temp\\rust_mozprofileaYjORY\\search.json.mozlz4", (void 0)))
DevTools listening on ws://localhost:53069/devtools/browser/33cb8b41-b7bb-4d60-9c66-66f2358597e1
1656929334903	Marionette	INFO	Stopped listening on port 53080
console.warn: TopSitesFeed: Failed to fetch data from Contile server: NetworkError when attempting to fetch resource.
1656929337493	geckodriver	INFO	Listening on 127.0.0.1:61844
1656929340611	mozrunner::runner	INFO	Running command: "C:\\Program Files\\Mozilla Firefox\\firefox.exe" "--marionette" "--remote-debugging-port" "61845" "--remote-allow-hosts" "localhost" "-no-remote" "-profile" "C:\\Users\\PRANAV~1\\AppData\\Local\\Temp\\rust_mozprofilehoteNI"
1656929341192	Marionette	INFO	Marionette enabled
1656929341198	Marionette	INFO	Listening on port 61857
WebDriver BiDi listening on ws://localhost:61845
Read port: 61857
1656929341366	RemoteAgent	WARN	TLS certificate errors will be ignored for this session
console.warn: SearchSettings: "get: No settings file exists, new profile?" (new NotFoundError("Could not open the file at C:\\Users\\PRANAV~1\\AppData\\Local\\Temp\\rust_mozprofilehoteNI\\search.json.mozlz4", (void 0)))
DevTools listening on ws://localhost:61845/devtools/browser/3ce44a42-1e29-41b7-a992-29c1314c82c8
1656930002699	Marionette	INFO	Stopped listening on port 61857
console.warn: TopSitesFeed: Failed to fetch data from Contile server: NetworkError when attempting to fetch resource.
remote-debugging-port" "62702" "--remote-allow-hosts" "localhost" "-no-remote" "-profile" "C:\\Users\\PRANAV~1\\AppData\\Local\\Temp\\rust_mozprofile0y48aF"
1656929994131	Marionette	INFO	Marionette enabled
1656929994137	Marionette	INFO	Listening on port 62713
WebDriver BiDi listening on ws://localhost:62702
Read port: 62713
1656929994306	RemoteAgent	WARN	TLS certificate errors will be ignored for this session
console.warn: SearchSettings: "get: No settings file exists, new profile?" (new NotFoundError("Could not open the file at C:\\Users\\PRANAV~1\\AppData\\Local\\Temp\\rust_mozprofile0y48aF\\search.json.mozlz4", (void 0)))
DevTools listening on ws://localhost:62702/devtools/browser/33250850-a69d-4d8a-8c5b-f59fe49e2830
1656930050372	Marionette	INFO	Stopped listening on port 62713
console.warn: TopSitesFeed: Failed to fetch data from Contile server: NetworkError when attempting to fetch resource.
1656930270491	geckodriver	INFO	Listening on 127.0.0.1:62910
1656930273559	mozrunner::runner	INFO	Running command: "C:\\Program Files\\Mozilla Firefox\\firefox.exe" "--marionette" "--remote-debugging-port" "62911" "--remote-allow-hosts" "localhost" "-no-remote" "-profile" "C:\\Users\\PRANAV~1\\AppData\\Local\\Temp\\rust_mozprofilez6esHf"
1656930273971	Marionette	INFO	Marionette enabled
1656930273977	Marionette	INFO	Listening on port 62923
WebDriver BiDi listening on ws://localhost:62911
Read port: 62923
1656930274135	RemoteAgent	WARN	TLS certificate errors will be ignored for this session
console.warn: SearchSettings: "get: No settings file exists, new profile?" (new NotFoundError("Could not open the file at C:\\Users\\PRANAV~1\\AppData\\Local\\Temp\\rust_mozprofilez6esHf\\search.json.mozlz4", (void 0)))
DevTools listening on ws://localhost:62911/devtools/browser/4541f0b0-b9d9-4847-aaa7-92bc88510f43
1656930339416	Marionette	INFO	Stopped listening on port 62923
console.warn: TopSitesFeed: Failed to fetch data from Contile server: NetworkError when attempting to fetch resource.
1656930343079	geckodriver	INFO	Listening on 127.0.0.1:63010
1656930346157	mozrunner::runner	INFO	Running command: "C:\\Program Files\\Mozilla Firefox\\firefox.exe" "--marionette" "--remote-debugging-port" "63011" "--remote-allow-hosts" "localhost" "-no-remote" "-profile" "C:\\Users\\PRANAV~1\\AppData\\Local\\Temp\\rust_mozprofileycoNtV"
1656930346549	Marionette	INFO	Marionette enabled
1656930346555	Marionette	INFO	Listening on port 63021
WebDriver BiDi listening on ws://localhost:63011
Read port: 63021
1656930346708	RemoteAgent	WARN	TLS certificate errors will be ignored for this session
console.warn: SearchSettings: "get: No settings file exists, new profile?" (new NotFoundError("Could not open the file at C:\\Users\\PRANAV~1\\AppData\\Local\\Temp\\rust_mozprofileycoNtV\\search.json.mozlz4", (void 0)))
DevTools listening on ws://localhost:63011/devtools/browser/82da75c2-aece-4437-9687-9ff06e5f549c
1656930488005	geckodriver	INFO	Listening on 127.0.0.1:63152
1656930491095	mozrunner::runner	INFO	Running command: "C:\\Program Files\\Mozilla Firefox\\firefox.exe" "--marionette" "--remote-debugging-port" "63153" "--remote-allow-hosts" "localhost" "-no-remote" "-profile" "C:\\Users\\PRANAV~1\\AppData\\Local\\Temp\\rust_mozprofilelxMvYb"
1656930491571	Marionette	INFO	Marionette enabled
1656930491577	Marionette	INFO	Listening on port 63165
WebDriver BiDi listening on ws://localhost:63153
Read port: 63165
1656930491734	RemoteAgent	WARN	TLS certificate errors will be ignored for this session
console.warn: SearchSettings: "get: No settings file exists, new profile?" (new NotFoundError("Could not open the file at C:\\Users\\PRANAV~1\\AppData\\Local\\Temp\\rust_mozprofilelxMvYb\\search.json.mozlz4", (void 0)))
DevTools listening on ws://localhost:63153/devtools/browser/8a627cfa-431a-463b-a867-655524125e75
